# JRE version: OpenJDK Runtime Environment (17.0.9) (build 17.0.9+0--11185874)
# Java VM: OpenJDK 64-Bit Server VM (17.0.9+0--11185874, mixed mode, tiered, compressed oops, compressed class ptrs, g1 gc, windows-amd64)
GC Precious Log:
 CPUs: 16 total, 16 available
 Memory: 15608M
 Large Page Support: Disabled
 NUMA Support: Disabled
 Compressed Oops: Enabled (32-bit)
 Heap Region Size: 1M
 Heap Min Capacity: 8M
 Heap Initial Capacity: 244M
 Heap Max Capacity: 2G
 Pre-touch: Disabled
 Parallel Workers: 13
 Concurrent Workers: 3
 Concurrent Refinement Workers: 13
 Periodic GC: Disabled
Heap:
 garbage-first heap   total 157696K, used 96162K [0x0000000080000000, 0x0000000100000000)
  region size 1024K, 8 young (8192K), 4 survivors (4096K)
 Metaspace       used 92992K, committed 93632K, reserved 1179648K
  class space    used 12595K, committed 12864K, reserved 1048576K
GC Heap History (20 events):
Event: 16.495 GC heap before
{Heap before GC invocations=18 (full 0):
 garbage-first heap   total 157696K, used 125735K [0x0000000080000000, 0x0000000100000000)
  region size 1024K, 60 young (61440K), 5 survivors (5120K)
 Metaspace       used 70533K, committed 71104K, reserved 1114112K
  class space    used 9269K, committed 9536K, reserved 1048576K
}
Event: 16.499 GC heap after
{Heap after GC invocations=19 (full 0):
 garbage-first heap   total 157696K, used 68173K [0x0000000080000000, 0x0000000100000000)
  region size 1024K, 8 young (8192K), 8 survivors (8192K)
 Metaspace       used 70533K, committed 71104K, reserved 1114112K
  class space    used 9269K, committed 9536K, reserved 1048576K
}
Event: 17.516 GC heap before
{Heap before GC invocations=19 (full 0):
 garbage-first heap   total 157696K, used 127565K [0x0000000080000000, 0x0000000100000000)
  region size 1024K, 64 young (65536K), 8 survivors (8192K)
 Metaspace       used 72127K, committed 72640K, reserved 1114112K
  class space    used 9491K, committed 9728K, reserved 1048576K
}
Event: 17.520 GC heap after
{Heap after GC invocations=20 (full 0):
 garbage-first heap   total 157696K, used 75384K [0x0000000080000000, 0x0000000100000000)
  region size 1024K, 8 young (8192K), 8 survivors (8192K)
 Metaspace       used 72127K, committed 72640K, reserved 1114112K
  class space    used 9491K, committed 9728K, reserved 1048576K
}
Event: 21.828 GC heap before
{Heap before GC invocations=20 (full 0):
 garbage-first heap   total 157696K, used 126584K [0x0000000080000000, 0x0000000100000000)
  region size 1024K, 57 young (58368K), 8 survivors (8192K)
 Metaspace       used 76151K, committed 76736K, reserved 1179648K
  class space    used 10095K, committed 10368K, reserved 1048576K
}
Event: 21.832 GC heap after
{Heap after GC invocations=21 (full 0):
 garbage-first heap   total 157696K, used 78094K [0x0000000080000000, 0x0000000100000000)
  region size 1024K, 3 young (3072K), 3 survivors (3072K)
 Metaspace       used 76151K, committed 76736K, reserved 1179648K
  class space    used 10095K, committed 10368K, reserved 1048576K
}
Event: 23.507 GC heap before
{Heap before GC invocations=21 (full 0):
 garbage-first heap   total 157696K, used 126222K [0x0000000080000000, 0x0000000100000000)
  region size 1024K, 50 young (51200K), 3 survivors (3072K)
 Metaspace       used 80147K, committed 80768K, reserved 1179648K
  class space    used 10780K, committed 11072K, reserved 1048576K
}
Event: 23.510 GC heap after
{Heap after GC invocations=22 (full 0):
 garbage-first heap   total 157696K, used 79817K [0x0000000080000000, 0x0000000100000000)
  region size 1024K, 4 young (4096K), 4 survivors (4096K)
 Metaspace       used 80147K, committed 80768K, reserved 1179648K
  class space    used 10780K, committed 11072K, reserved 1048576K
}
Event: 24.064 GC heap before
{Heap before GC invocations=23 (full 0):
 garbage-first heap   total 157696K, used 128969K [0x0000000080000000, 0x0000000100000000)
  region size 1024K, 52 young (53248K), 4 survivors (4096K)
 Metaspace       used 83979K, committed 84608K, reserved 1179648K
  class space    used 11384K, committed 11648K, reserved 1048576K
}
Event: 24.067 GC heap after
{Heap after GC invocations=24 (full 0):
 garbage-first heap   total 157696K, used 82440K [0x0000000080000000, 0x0000000100000000)
  region size 1024K, 7 young (7168K), 7 survivors (7168K)
 Metaspace       used 83979K, committed 84608K, reserved 1179648K
  class space    used 11384K, committed 11648K, reserved 1048576K
}
Event: 24.074 GC heap before
{Heap before GC invocations=24 (full 0):
 garbage-first heap   total 157696K, used 83464K [0x0000000080000000, 0x0000000100000000)
  region size 1024K, 8 young (8192K), 7 survivors (7168K)
 Metaspace       used 84088K, committed 84672K, reserved 1179648K
  class space    used 11397K, committed 11648K, reserved 1048576K
}
Event: 24.077 GC heap after
{Heap after GC invocations=25 (full 0):
 garbage-first heap   total 157696K, used 82686K [0x0000000080000000, 0x0000000100000000)
  region size 1024K, 1 young (1024K), 1 survivors (1024K)
 Metaspace       used 84088K, committed 84672K, reserved 1179648K
  class space    used 11397K, committed 11648K, reserved 1048576K
}
Event: 24.676 GC heap before
{Heap before GC invocations=25 (full 0):
 garbage-first heap   total 157696K, used 130814K [0x0000000080000000, 0x0000000100000000)
  region size 1024K, 48 young (49152K), 1 survivors (1024K)
 Metaspace       used 88418K, committed 89024K, reserved 1179648K
  class space    used 12031K, committed 12288K, reserved 1048576K
}
Event: 24.679 GC heap after
{Heap after GC invocations=26 (full 0):
 garbage-first heap   total 157696K, used 85228K [0x0000000080000000, 0x0000000100000000)
  region size 1024K, 4 young (4096K), 4 survivors (4096K)
 Metaspace       used 88418K, committed 89024K, reserved 1179648K
  class space    used 12031K, committed 12288K, reserved 1048576K
}
Event: 25.482 GC heap before
{Heap before GC invocations=27 (full 0):
 garbage-first heap   total 157696K, used 134380K [0x0000000080000000, 0x0000000100000000)
  region size 1024K, 48 young (49152K), 4 survivors (4096K)
 Metaspace       used 92650K, committed 93376K, reserved 1179648K
  class space    used 12560K, committed 12864K, reserved 1048576K
}
Event: 25.486 GC heap after
{Heap after GC invocations=28 (full 0):
 garbage-first heap   total 157696K, used 90385K [0x0000000080000000, 0x0000000100000000)
  region size 1024K, 6 young (6144K), 6 survivors (6144K)
 Metaspace       used 92650K, committed 93376K, reserved 1179648K
  class space    used 12560K, committed 12864K, reserved 1048576K
}
Event: 25.524 GC heap before
{Heap before GC invocations=28 (full 0):
 garbage-first heap   total 157696K, used 91409K [0x0000000080000000, 0x0000000100000000)
  region size 1024K, 7 young (7168K), 6 survivors (6144K)
 Metaspace       used 92702K, committed 93376K, reserved 1179648K
  class space    used 12570K, committed 12864K, reserved 1048576K
}
Event: 25.529 GC heap after
{Heap after GC invocations=29 (full 0):
 garbage-first heap   total 157696K, used 90528K [0x0000000080000000, 0x0000000100000000)
  region size 1024K, 1 young (1024K), 1 survivors (1024K)
 Metaspace       used 92702K, committed 93376K, reserved 1179648K
  class space    used 12570K, committed 12864K, reserved 1048576K
}
Event: 26.203 GC heap before
{Heap before GC invocations=29 (full 0):
 garbage-first heap   total 157696K, used 129440K [0x0000000080000000, 0x0000000100000000)
  region size 1024K, 40 young (40960K), 1 survivors (1024K)
 Metaspace       used 92973K, committed 93632K, reserved 1179648K
  class space    used 12595K, committed 12864K, reserved 1048576K
}
Event: 26.205 GC heap after
{Heap after GC invocations=30 (full 0):
 garbage-first heap   total 157696K, used 93090K [0x0000000080000000, 0x0000000100000000)
  region size 1024K, 4 young (4096K), 4 survivors (4096K)
 Metaspace       used 92973K, committed 93632K, reserved 1179648K
  class space    used 12595K, committed 12864K, reserved 1048576K
}

